<?xml version="1.0" encoding="UTF-8"?>
<testsuite name="com.itau.insurance.unit.application.mapper.ProductMapperTest" tests="2" skipped="0" failures="0" errors="0" timestamp="2024-09-08T14:20:24" hostname="dell" time="0.003">
  <properties/>
  <testcase name="should map Product to ProductDtoResponse()" classname="com.itau.insurance.unit.application.mapper.ProductMapperTest" time="0.001"/>
  <testcase name="should map ProductDtoRequest to Product()" classname="com.itau.insurance.unit.application.mapper.ProductMapperTest" time="0.001"/>
  <system-out><![CDATA[]]></system-out>
  <system-err><![CDATA[]]></system-err>
</testsuite>
