<?xml version="1.0" encoding="UTF-8"?>
<testsuite name="com.itau.insurance.unit.application.ProductServiceTest" tests="10" skipped="0" failures="0" errors="0" timestamp="2024-09-08T14:20:23" hostname="dell" time="0.869">
  <properties/>
  <testcase name="should create AUTO product successfully, when client not send price tariff()" classname="com.itau.insurance.unit.application.ProductServiceTest" time="0.666"/>
  <testcase name="should update product successfully, when there is a product with id()" classname="com.itau.insurance.unit.application.ProductServiceTest" time="0.029"/>
  <testcase name="should update product with calculated price tariff when price tariff is not provided()" classname="com.itau.insurance.unit.application.ProductServiceTest" time="0.022"/>
  <testcase name="should throw DataBaseGenericException when repository findById fails()" classname="com.itau.insurance.unit.application.ProductServiceTest" time="0.014"/>
  <testcase name="should throw exception when repository save fails during creation()" classname="com.itau.insurance.unit.application.ProductServiceTest" time="0.018"/>
  <testcase name="should throw DataBaseGenericException when repository save fails during update()" classname="com.itau.insurance.unit.application.ProductServiceTest" time="0.019"/>
  <testcase name="should create product successfully, when client send price tariff()" classname="com.itau.insurance.unit.application.ProductServiceTest" time="0.017"/>
  <testcase name="should throw DataBaseGenericException when repository save fails during creation()" classname="com.itau.insurance.unit.application.ProductServiceTest" time="0.022"/>
  <testcase name="should create VIDA product successfully, when client not send price tariff()" classname="com.itau.insurance.unit.application.ProductServiceTest" time="0.017"/>
  <testcase name="should throw ProductNotFoundException, when there is not a product with id()" classname="com.itau.insurance.unit.application.ProductServiceTest" time="0.015"/>
  <system-out><![CDATA[2024-09-08T11:20:21.578-03:00  INFO 5782 --- [    Test worker] t.c.s.AnnotationConfigContextLoaderUtils : Could not detect default configuration classes for test class [com.itau.insurance.unit.application.ProductServiceTest]: ProductServiceTest does not declare any static, non-private, non-final, nested classes annotated with @Configuration.
2024-09-08T11:20:21.594-03:00  INFO 5782 --- [    Test worker] .b.t.c.SpringBootTestContextBootstrapper : Found @SpringBootConfiguration com.itau.insurance.InsuranceApplication for test class com.itau.insurance.unit.application.ProductServiceTest

  .   ____          _            __ _ _
 /\\ / ___'_ __ _ _(_)_ __  __ _ \ \ \ \
( ( )\___ | '_ | '_| | '_ \/ _` | \ \ \ \
 \\/  ___)| |_)| | | | | || (_| |  ) ) ) )
  '  |____| .__|_| |_|_| |_\__, | / / / /
 =========|_|==============|___/=/_/_/_/

 :: Spring Boot ::                (v3.3.2)

2024-09-08T11:20:21.643-03:00  INFO 5782 --- [    Test worker] c.i.i.u.application.ProductServiceTest   : Starting ProductServiceTest using Java 17.0.12 with PID 5782 (started by rogerio in /home/rogerio/workspace/itau/insurance-quote)
2024-09-08T11:20:21.643-03:00  INFO 5782 --- [    Test worker] c.i.i.u.application.ProductServiceTest   : The following 1 profile is active: "test"
2024-09-08T11:20:22.108-03:00  INFO 5782 --- [    Test worker] .s.d.r.c.RepositoryConfigurationDelegate : Bootstrapping Spring Data JPA repositories in DEFAULT mode.
2024-09-08T11:20:22.120-03:00  INFO 5782 --- [    Test worker] .s.d.r.c.RepositoryConfigurationDelegate : Finished Spring Data repository scanning in 11 ms. Found 1 JPA repository interface.
2024-09-08T11:20:22.310-03:00  INFO 5782 --- [    Test worker] o.hibernate.jpa.internal.util.LogHelper  : HHH000204: Processing PersistenceUnitInfo [name: default]
2024-09-08T11:20:22.313-03:00  INFO 5782 --- [    Test worker] o.h.c.internal.RegionFactoryInitiator    : HHH000026: Second-level cache disabled
2024-09-08T11:20:22.327-03:00  INFO 5782 --- [    Test worker] o.s.o.j.p.SpringPersistenceUnitInfo      : No LoadTimeWeaver setup: ignoring JPA class transformer
2024-09-08T11:20:22.328-03:00  INFO 5782 --- [    Test worker] com.zaxxer.hikari.HikariDataSource       : HikariPool-2 - Starting...
2024-09-08T11:20:22.329-03:00  INFO 5782 --- [    Test worker] com.zaxxer.hikari.pool.HikariPool        : HikariPool-2 - Added connection conn10: url=jdbc:h2:mem:insurance_test_db user=SA
2024-09-08T11:20:22.330-03:00  INFO 5782 --- [    Test worker] com.zaxxer.hikari.HikariDataSource       : HikariPool-2 - Start completed.
2024-09-08T11:20:22.330-03:00  WARN 5782 --- [    Test worker] org.hibernate.orm.deprecation            : HHH90000025: H2Dialect does not need to be specified explicitly using 'hibernate.dialect' (remove the property setting and it will be selected by default)
2024-09-08T11:20:22.365-03:00  INFO 5782 --- [    Test worker] o.h.e.t.j.p.i.JtaPlatformInitiator       : HHH000489: No JTA platform available (set 'hibernate.transaction.jta.platform' to enable JTA platform integration)
2024-09-08T11:20:22.370-03:00  INFO 5782 --- [    Test worker] j.LocalContainerEntityManagerFactoryBean : Initialized JPA EntityManagerFactory for persistence unit 'default'
2024-09-08T11:20:22.674-03:00  WARN 5782 --- [    Test worker] JpaBaseConfiguration$JpaWebConfiguration : spring.jpa.open-in-view is enabled by default. Therefore, database queries may be performed during view rendering. Explicitly configure spring.jpa.open-in-view to disable this warning
2024-09-08T11:20:23.170-03:00  INFO 5782 --- [    Test worker] o.s.b.a.h2.H2ConsoleAutoConfiguration    : H2 console available at '/h2-console'. Database available at 'jdbc:h2:mem:insurance_test_db'
2024-09-08T11:20:23.206-03:00  INFO 5782 --- [    Test worker] o.s.b.a.e.web.EndpointLinksResolver      : Exposing 14 endpoints beneath base path '/actuator'
2024-09-08T11:20:23.244-03:00  INFO 5782 --- [    Test worker] c.i.i.u.application.ProductServiceTest   : Started ProductServiceTest in 1.644 seconds (process running for 14.026)
2024-09-08T11:20:23.884-03:00  INFO 5782 --- [    Test worker] c.i.i.a.ProductService$Companion         : [CALCULATE_PRICE_TARIFF] Price tariff calculated with success. Value: 55.2500
2024-09-08T11:20:23.889-03:00  INFO 5782 --- [    Test worker] c.i.i.a.ProductService$Companion         : [CREATE_PRODUCT] Product with id 1 created successfully
2024-09-08T11:20:23.943-03:00  INFO 5782 --- [    Test worker] c.i.i.a.ProductService$Companion         : [UPDATE_PRODUCT] Product with id 1 was updated successfully
2024-09-08T11:20:23.970-03:00  INFO 5782 --- [    Test worker] c.i.i.a.ProductService$Companion         : [CALCULATE_PRICE_TARIFF] Price tariff calculated with success. Value: 103.2000
2024-09-08T11:20:23.971-03:00  INFO 5782 --- [    Test worker] c.i.i.a.ProductService$Companion         : [UPDATE_PRODUCT] Product with id 1 was updated successfully
2024-09-08T11:20:23.988-03:00 ERROR 5782 --- [    Test worker] i.a.e.DataBaseGenericException$Companion : [DATABASE_ERROR] Error to find product
2024-09-08T11:20:24.006-03:00  INFO 5782 --- [    Test worker] c.i.i.a.ProductService$Companion         : [CALCULATE_PRICE_TARIFF] Price tariff calculated with success. Value: 55.2500
2024-09-08T11:20:24.030-03:00  INFO 5782 --- [    Test worker] c.i.i.a.ProductService$Companion         : [CALCULATE_PRICE_TARIFF] Price tariff calculated with success. Value: 103.2000
2024-09-08T11:20:24.031-03:00 ERROR 5782 --- [    Test worker] i.a.e.DataBaseGenericException$Companion : [DATABASE_ERROR] Error to persist product
2024-09-08T11:20:24.050-03:00  INFO 5782 --- [    Test worker] c.i.i.a.ProductService$Companion         : [CREATE_PRODUCT] Product with id 1 created successfully
2024-09-08T11:20:24.071-03:00  INFO 5782 --- [    Test worker] c.i.i.a.ProductService$Companion         : [CALCULATE_PRICE_TARIFF] Price tariff calculated with success. Value: 55.2500
2024-09-08T11:20:24.072-03:00 ERROR 5782 --- [    Test worker] i.a.e.DataBaseGenericException$Companion : [DATABASE_ERROR] Error to persist product
2024-09-08T11:20:24.093-03:00  INFO 5782 --- [    Test worker] c.i.i.a.ProductService$Companion         : [CALCULATE_PRICE_TARIFF] Price tariff calculated with success. Value: 103.2000
2024-09-08T11:20:24.094-03:00  INFO 5782 --- [    Test worker] c.i.i.a.ProductService$Companion         : [CREATE_PRODUCT] Product with id 1 created successfully
2024-09-08T11:20:24.112-03:00  INFO 5782 --- [    Test worker] i.d.e.ProductNotFoundException$Companion : [PRODUCT_NOT_FOUND] Product with ID 2 not found
]]></system-out>
  <system-err><![CDATA[]]></system-err>
</testsuite>
