<?xml version="1.0" encoding="UTF-8"?>
<testsuite name="com.itau.insurance.integration.IntegrationTest" tests="8" skipped="0" failures="0" errors="0" timestamp="2024-09-08T14:20:19" hostname="dell" time="1.992">
  <properties/>
  <testcase name="should create product successfully when client not send preco_tarifado()" classname="com.itau.insurance.integration.IntegrationTest" time="1.597"/>
  <testcase name="should return 400 when NAME value is null()" classname="com.itau.insurance.integration.IntegrationTest" time="0.179"/>
  <testcase name="should update product successfully when client not send preco_tarifado()" classname="com.itau.insurance.integration.IntegrationTest" time="0.072"/>
  <testcase name="should return 400 when priceBase value is null()" classname="com.itau.insurance.integration.IntegrationTest" time="0.018"/>
  <testcase name="should update product successfully when client send preco_tarifado()" classname="com.itau.insurance.integration.IntegrationTest" time="0.029"/>
  <testcase name="should create product successfully when client send preco_tarifado()" classname="com.itau.insurance.integration.IntegrationTest" time="0.021"/>
  <testcase name="should return 404 when updating non-existent product()" classname="com.itau.insurance.integration.IntegrationTest" time="0.042"/>
  <testcase name="should return 400 when CATEGORY value is invalid()" classname="com.itau.insurance.integration.IntegrationTest" time="0.02"/>
  <system-out><![CDATA[11:20:10.599 [Test worker] INFO org.springframework.test.context.support.AnnotationConfigContextLoaderUtils -- Could not detect default configuration classes for test class [com.itau.insurance.integration.IntegrationTest]: IntegrationTest does not declare any static, non-private, non-final, nested classes annotated with @Configuration.
11:20:10.759 [Test worker] INFO org.springframework.boot.test.context.SpringBootTestContextBootstrapper -- Found @SpringBootConfiguration com.itau.insurance.InsuranceApplication for test class com.itau.insurance.integration.IntegrationTest

  .   ____          _            __ _ _
 /\\ / ___'_ __ _ _(_)_ __  __ _ \ \ \ \
( ( )\___ | '_ | '_| | '_ \/ _` | \ \ \ \
 \\/  ___)| |_)| | | | | || (_| |  ) ) ) )
  '  |____| .__|_| |_|_| |_\__, | / / / /
 =========|_|==============|___/=/_/_/_/

 :: Spring Boot ::                (v3.3.2)

2024-09-08T11:20:11.470-03:00  INFO 5782 --- [    Test worker] c.i.i.integration.IntegrationTest        : Starting IntegrationTest using Java 17.0.12 with PID 5782 (started by rogerio in /home/rogerio/workspace/itau/insurance-quote)
2024-09-08T11:20:11.473-03:00  INFO 5782 --- [    Test worker] c.i.i.integration.IntegrationTest        : The following 1 profile is active: "test"
2024-09-08T11:20:14.103-03:00  INFO 5782 --- [    Test worker] .s.d.r.c.RepositoryConfigurationDelegate : Bootstrapping Spring Data JPA repositories in DEFAULT mode.
2024-09-08T11:20:14.190-03:00  INFO 5782 --- [    Test worker] .s.d.r.c.RepositoryConfigurationDelegate : Finished Spring Data repository scanning in 77 ms. Found 1 JPA repository interface.
2024-09-08T11:20:15.018-03:00  INFO 5782 --- [    Test worker] o.hibernate.jpa.internal.util.LogHelper  : HHH000204: Processing PersistenceUnitInfo [name: default]
2024-09-08T11:20:15.088-03:00  INFO 5782 --- [    Test worker] org.hibernate.Version                    : HHH000412: Hibernate ORM core version 6.5.2.Final
2024-09-08T11:20:15.132-03:00  INFO 5782 --- [    Test worker] o.h.c.internal.RegionFactoryInitiator    : HHH000026: Second-level cache disabled
2024-09-08T11:20:15.511-03:00  INFO 5782 --- [    Test worker] o.s.o.j.p.SpringPersistenceUnitInfo      : No LoadTimeWeaver setup: ignoring JPA class transformer
2024-09-08T11:20:15.552-03:00  INFO 5782 --- [    Test worker] com.zaxxer.hikari.HikariDataSource       : HikariPool-1 - Starting...
2024-09-08T11:20:15.783-03:00  INFO 5782 --- [    Test worker] com.zaxxer.hikari.pool.HikariPool        : HikariPool-1 - Added connection conn0: url=jdbc:h2:mem:insurance_test_db user=SA
2024-09-08T11:20:15.787-03:00  INFO 5782 --- [    Test worker] com.zaxxer.hikari.HikariDataSource       : HikariPool-1 - Start completed.
2024-09-08T11:20:15.821-03:00  WARN 5782 --- [    Test worker] org.hibernate.orm.deprecation            : HHH90000025: H2Dialect does not need to be specified explicitly using 'hibernate.dialect' (remove the property setting and it will be selected by default)
2024-09-08T11:20:16.652-03:00  INFO 5782 --- [    Test worker] o.h.e.t.j.p.i.JtaPlatformInitiator       : HHH000489: No JTA platform available (set 'hibernate.transaction.jta.platform' to enable JTA platform integration)
2024-09-08T11:20:16.682-03:00  INFO 5782 --- [    Test worker] j.LocalContainerEntityManagerFactoryBean : Initialized JPA EntityManagerFactory for persistence unit 'default'
2024-09-08T11:20:17.676-03:00  WARN 5782 --- [    Test worker] JpaBaseConfiguration$JpaWebConfiguration : spring.jpa.open-in-view is enabled by default. Therefore, database queries may be performed during view rendering. Explicitly configure spring.jpa.open-in-view to disable this warning
2024-09-08T11:20:19.119-03:00  INFO 5782 --- [    Test worker] o.s.b.a.h2.H2ConsoleAutoConfiguration    : H2 console available at '/h2-console'. Database available at 'jdbc:h2:mem:insurance_test_db'
2024-09-08T11:20:19.197-03:00  INFO 5782 --- [    Test worker] o.s.b.t.m.w.SpringBootMockServletContext : Initializing Spring TestDispatcherServlet ''
2024-09-08T11:20:19.198-03:00  INFO 5782 --- [    Test worker] o.s.t.web.servlet.TestDispatcherServlet  : Initializing Servlet ''
2024-09-08T11:20:19.214-03:00  INFO 5782 --- [    Test worker] o.s.b.a.e.web.EndpointLinksResolver      : Exposing 14 endpoints beneath base path '/actuator'
2024-09-08T11:20:19.249-03:00  INFO 5782 --- [    Test worker] o.s.t.web.servlet.TestDispatcherServlet  : Completed initialization in 50 ms
2024-09-08T11:20:19.382-03:00  INFO 5782 --- [    Test worker] c.i.i.integration.IntegrationTest        : Started IntegrationTest in 8.311 seconds (process running for 10.163)
2024-09-08T11:20:19.590-03:00 DEBUG 5782 --- [    Test worker] t.c.t.TransactionalTestExecutionListener : Explicit transaction definition [PROPAGATION_REQUIRED,ISOLATION_DEFAULT] found for test class [com.itau.insurance.integration.IntegrationTest] and test method [should create product successfully when client not send preco_tarifado]
2024-09-08T11:20:19.593-03:00 DEBUG 5782 --- [    Test worker] t.c.t.TransactionalTestExecutionListener : No method-level @Rollback override: using default rollback [true] for test method [public void com.itau.insurance.integration.IntegrationTest.should create product successfully when client not send preco_tarifado()]
2024-09-08T11:20:19.600-03:00 DEBUG 5782 --- [    Test worker] o.s.t.c.transaction.TransactionContext   : Began transaction (1) for test class [com.itau.insurance.integration.IntegrationTest]; test method [should create product successfully when client not send preco_tarifado]; transaction manager [org.springframework.orm.jpa.JpaTransactionManager@6be8e6ee]; rollback [true]
2024-09-08T11:20:21.060-03:00  INFO 5782 --- [    Test worker] c.i.i.a.ProductService$Companion         : [CALCULATE_PRICE_TARIFF] Price tariff calculated with success. Value: 103.200
2024-09-08T11:20:21.106-03:00  INFO 5782 --- [    Test worker] c.i.i.a.ProductService$Companion         : [CREATE_PRODUCT] Product with id 1 created successfully
2024-09-08T11:20:21.165-03:00 DEBUG 5782 --- [    Test worker] o.s.t.c.transaction.TransactionContext   : Rolled back transaction (1) for test class [com.itau.insurance.integration.IntegrationTest]; test method [should create product successfully when client not send preco_tarifado]
2024-09-08T11:20:21.177-03:00 DEBUG 5782 --- [    Test worker] t.c.t.TransactionalTestExecutionListener : Explicit transaction definition [PROPAGATION_REQUIRED,ISOLATION_DEFAULT] found for test class [com.itau.insurance.integration.IntegrationTest] and test method [should return 400 when NAME value is null]
2024-09-08T11:20:21.178-03:00 DEBUG 5782 --- [    Test worker] t.c.t.TransactionalTestExecutionListener : No method-level @Rollback override: using default rollback [true] for test method [public void com.itau.insurance.integration.IntegrationTest.should return 400 when NAME value is null()]
2024-09-08T11:20:21.178-03:00 DEBUG 5782 --- [    Test worker] o.s.t.c.transaction.TransactionContext   : Began transaction (1) for test class [com.itau.insurance.integration.IntegrationTest]; test method [should return 400 when NAME value is null]; transaction manager [org.springframework.orm.jpa.JpaTransactionManager@6be8e6ee]; rollback [true]
2024-09-08T11:20:21.355-03:00 DEBUG 5782 --- [    Test worker] o.s.t.c.transaction.TransactionContext   : Rolled back transaction (1) for test class [com.itau.insurance.integration.IntegrationTest]; test method [should return 400 when NAME value is null]
2024-09-08T11:20:21.358-03:00 DEBUG 5782 --- [    Test worker] t.c.t.TransactionalTestExecutionListener : Explicit transaction definition [PROPAGATION_REQUIRED,ISOLATION_DEFAULT] found for test class [com.itau.insurance.integration.IntegrationTest] and test method [should update product successfully when client not send preco_tarifado]
2024-09-08T11:20:21.359-03:00 DEBUG 5782 --- [    Test worker] t.c.t.TransactionalTestExecutionListener : No method-level @Rollback override: using default rollback [true] for test method [public void com.itau.insurance.integration.IntegrationTest.should update product successfully when client not send preco_tarifado()]
2024-09-08T11:20:21.360-03:00 DEBUG 5782 --- [    Test worker] o.s.t.c.transaction.TransactionContext   : Began transaction (1) for test class [com.itau.insurance.integration.IntegrationTest]; test method [should update product successfully when client not send preco_tarifado]; transaction manager [org.springframework.orm.jpa.JpaTransactionManager@6be8e6ee]; rollback [true]
2024-09-08T11:20:21.424-03:00  INFO 5782 --- [    Test worker] c.i.i.a.ProductService$Companion         : [UPDATE_PRODUCT] Product with id 2 was updated successfully
2024-09-08T11:20:21.430-03:00 DEBUG 5782 --- [    Test worker] o.s.t.c.transaction.TransactionContext   : Rolled back transaction (1) for test class [com.itau.insurance.integration.IntegrationTest]; test method [should update product successfully when client not send preco_tarifado]
2024-09-08T11:20:21.433-03:00 DEBUG 5782 --- [    Test worker] t.c.t.TransactionalTestExecutionListener : Explicit transaction definition [PROPAGATION_REQUIRED,ISOLATION_DEFAULT] found for test class [com.itau.insurance.integration.IntegrationTest] and test method [should return 400 when priceBase value is null]
2024-09-08T11:20:21.434-03:00 DEBUG 5782 --- [    Test worker] t.c.t.TransactionalTestExecutionListener : No method-level @Rollback override: using default rollback [true] for test method [public void com.itau.insurance.integration.IntegrationTest.should return 400 when priceBase value is null()]
2024-09-08T11:20:21.435-03:00 DEBUG 5782 --- [    Test worker] o.s.t.c.transaction.TransactionContext   : Began transaction (1) for test class [com.itau.insurance.integration.IntegrationTest]; test method [should return 400 when priceBase value is null]; transaction manager [org.springframework.orm.jpa.JpaTransactionManager@6be8e6ee]; rollback [true]
2024-09-08T11:20:21.450-03:00 DEBUG 5782 --- [    Test worker] o.s.t.c.transaction.TransactionContext   : Rolled back transaction (1) for test class [com.itau.insurance.integration.IntegrationTest]; test method [should return 400 when priceBase value is null]
2024-09-08T11:20:21.453-03:00 DEBUG 5782 --- [    Test worker] t.c.t.TransactionalTestExecutionListener : Explicit transaction definition [PROPAGATION_REQUIRED,ISOLATION_DEFAULT] found for test class [com.itau.insurance.integration.IntegrationTest] and test method [should update product successfully when client send preco_tarifado]
2024-09-08T11:20:21.453-03:00 DEBUG 5782 --- [    Test worker] t.c.t.TransactionalTestExecutionListener : No method-level @Rollback override: using default rollback [true] for test method [public void com.itau.insurance.integration.IntegrationTest.should update product successfully when client send preco_tarifado()]
2024-09-08T11:20:21.454-03:00 DEBUG 5782 --- [    Test worker] o.s.t.c.transaction.TransactionContext   : Began transaction (1) for test class [com.itau.insurance.integration.IntegrationTest]; test method [should update product successfully when client send preco_tarifado]; transaction manager [org.springframework.orm.jpa.JpaTransactionManager@6be8e6ee]; rollback [true]
2024-09-08T11:20:21.474-03:00  INFO 5782 --- [    Test worker] c.i.i.a.ProductService$Companion         : [CALCULATE_PRICE_TARIFF] Price tariff calculated with success. Value: 103.200
2024-09-08T11:20:21.474-03:00  INFO 5782 --- [    Test worker] c.i.i.a.ProductService$Companion         : [UPDATE_PRODUCT] Product with id 3 was updated successfully
2024-09-08T11:20:21.481-03:00 DEBUG 5782 --- [    Test worker] o.s.t.c.transaction.TransactionContext   : Rolled back transaction (1) for test class [com.itau.insurance.integration.IntegrationTest]; test method [should update product successfully when client send preco_tarifado]
2024-09-08T11:20:21.484-03:00 DEBUG 5782 --- [    Test worker] t.c.t.TransactionalTestExecutionListener : Explicit transaction definition [PROPAGATION_REQUIRED,ISOLATION_DEFAULT] found for test class [com.itau.insurance.integration.IntegrationTest] and test method [should create product successfully when client send preco_tarifado]
2024-09-08T11:20:21.484-03:00 DEBUG 5782 --- [    Test worker] t.c.t.TransactionalTestExecutionListener : No method-level @Rollback override: using default rollback [true] for test method [public void com.itau.insurance.integration.IntegrationTest.should create product successfully when client send preco_tarifado()]
2024-09-08T11:20:21.485-03:00 DEBUG 5782 --- [    Test worker] o.s.t.c.transaction.TransactionContext   : Began transaction (1) for test class [com.itau.insurance.integration.IntegrationTest]; test method [should create product successfully when client send preco_tarifado]; transaction manager [org.springframework.orm.jpa.JpaTransactionManager@6be8e6ee]; rollback [true]
2024-09-08T11:20:21.497-03:00  INFO 5782 --- [    Test worker] c.i.i.a.ProductService$Companion         : [CREATE_PRODUCT] Product with id 4 created successfully
2024-09-08T11:20:21.504-03:00 DEBUG 5782 --- [    Test worker] o.s.t.c.transaction.TransactionContext   : Rolled back transaction (1) for test class [com.itau.insurance.integration.IntegrationTest]; test method [should create product successfully when client send preco_tarifado]
2024-09-08T11:20:21.506-03:00 DEBUG 5782 --- [    Test worker] t.c.t.TransactionalTestExecutionListener : Explicit transaction definition [PROPAGATION_REQUIRED,ISOLATION_DEFAULT] found for test class [com.itau.insurance.integration.IntegrationTest] and test method [should return 404 when updating non-existent product]
2024-09-08T11:20:21.507-03:00 DEBUG 5782 --- [    Test worker] t.c.t.TransactionalTestExecutionListener : No method-level @Rollback override: using default rollback [true] for test method [public void com.itau.insurance.integration.IntegrationTest.should return 404 when updating non-existent product()]
2024-09-08T11:20:21.507-03:00 DEBUG 5782 --- [    Test worker] o.s.t.c.transaction.TransactionContext   : Began transaction (1) for test class [com.itau.insurance.integration.IntegrationTest]; test method [should return 404 when updating non-existent product]; transaction manager [org.springframework.orm.jpa.JpaTransactionManager@6be8e6ee]; rollback [true]
2024-09-08T11:20:21.523-03:00  INFO 5782 --- [    Test worker] i.d.e.ProductNotFoundException$Companion : [PRODUCT_NOT_FOUND] Product with ID 999 not found
2024-09-08T11:20:21.546-03:00 DEBUG 5782 --- [    Test worker] o.s.t.c.transaction.TransactionContext   : Rolled back transaction (1) for test class [com.itau.insurance.integration.IntegrationTest]; test method [should return 404 when updating non-existent product]
2024-09-08T11:20:21.550-03:00 DEBUG 5782 --- [    Test worker] t.c.t.TransactionalTestExecutionListener : Explicit transaction definition [PROPAGATION_REQUIRED,ISOLATION_DEFAULT] found for test class [com.itau.insurance.integration.IntegrationTest] and test method [should return 400 when CATEGORY value is invalid]
2024-09-08T11:20:21.551-03:00 DEBUG 5782 --- [    Test worker] t.c.t.TransactionalTestExecutionListener : No method-level @Rollback override: using default rollback [true] for test method [public void com.itau.insurance.integration.IntegrationTest.should return 400 when CATEGORY value is invalid()]
2024-09-08T11:20:21.551-03:00 DEBUG 5782 --- [    Test worker] o.s.t.c.transaction.TransactionContext   : Began transaction (1) for test class [com.itau.insurance.integration.IntegrationTest]; test method [should return 400 when CATEGORY value is invalid]; transaction manager [org.springframework.orm.jpa.JpaTransactionManager@6be8e6ee]; rollback [true]
2024-09-08T11:20:21.569-03:00 DEBUG 5782 --- [    Test worker] o.s.t.c.transaction.TransactionContext   : Rolled back transaction (1) for test class [com.itau.insurance.integration.IntegrationTest]; test method [should return 400 when CATEGORY value is invalid]
]]></system-out>
  <system-err><![CDATA[]]></system-err>
</testsuite>
